H:\WORK\UHURU\TARGET\UHURU.UTILITIES.WINDOWSPROCESS.DLL
H:\WORK\UHURU\TARGET\UHURU.UTILITIES.WINDOWSPROCESS.PDB
H:\Work\uhuru\vcap-dotnet\..\Target\Uhuru.Utilities.WindowsProcess.dll
H:\Work\uhuru\vcap-dotnet\..\Target\Uhuru.Utilities.WindowsProcess.pdb
H:\WORK\UHURU\VCAP-DOTNET\UHURU.UTILITIES.WINDOWSPROCESS\X64\RELEASE\.NETFRAMEWORK,VERSION=V4.0.ASSEMBLYATTRIBUTES.OBJ
H:\WORK\UHURU\VCAP-DOTNET\UHURU.UTILITIES.WINDOWSPROCESS\X64\RELEASE\APP.RES
H:\WORK\UHURU\VCAP-DOTNET\UHURU.UTILITIES.WINDOWSPROCESS\X64\RELEASE\ASSEMBLYINFO.OBJ
H:\Work\uhuru\vcap-dotnet\Uhuru.Utilities.WindowsProcess\x64\Release\cl.command.1.tlog
H:\Work\uhuru\vcap-dotnet\Uhuru.Utilities.WindowsProcess\x64\Release\CL.read.1.tlog
H:\Work\uhuru\vcap-dotnet\Uhuru.Utilities.WindowsProcess\x64\Release\CL.write.1.tlog
H:\Work\uhuru\vcap-dotnet\Uhuru.Utilities.WindowsProcess\x64\Release\link.command.1.tlog
H:\Work\uhuru\vcap-dotnet\Uhuru.Utilities.WindowsProcess\x64\Release\link.read.1.tlog
H:\Work\uhuru\vcap-dotnet\Uhuru.Utilities.WindowsProcess\x64\Release\link.write.1.tlog
H:\Work\uhuru\vcap-dotnet\Uhuru.Utilities.WindowsProcess\x64\Release\link-cvtres.read.1.tlog
H:\Work\uhuru\vcap-dotnet\Uhuru.Utilities.WindowsProcess\x64\Release\link-cvtres.write.1.tlog
H:\Work\uhuru\vcap-dotnet\Uhuru.Utilities.WindowsProcess\x64\Release\mt.command.1.tlog
H:\Work\uhuru\vcap-dotnet\Uhuru.Utilities.WindowsProcess\x64\Release\mt.read.1.tlog
H:\Work\uhuru\vcap-dotnet\Uhuru.Utilities.WindowsProcess\x64\Release\mt.write.1.tlog
H:\Work\uhuru\vcap-dotnet\Uhuru.Utilities.WindowsProcess\x64\Release\rc.command.1.tlog
H:\Work\uhuru\vcap-dotnet\Uhuru.Utilities.WindowsProcess\x64\Release\rc.read.1.tlog
H:\Work\uhuru\vcap-dotnet\Uhuru.Utilities.WindowsProcess\x64\Release\rc.write.1.tlog
H:\WORK\UHURU\VCAP-DOTNET\UHURU.UTILITIES.WINDOWSPROCESS\X64\RELEASE\STDAFX.OBJ
H:\WORK\UHURU\VCAP-DOTNET\UHURU.UTILITIES.WINDOWSPROCESS\X64\RELEASE\UHURU.UTILITIES.WINDOWSPROCESS.DLL.INTERMEDIATE.MANIFEST
H:\WORK\UHURU\VCAP-DOTNET\UHURU.UTILITIES.WINDOWSPROCESS\X64\RELEASE\UHURU.UTILITIES.WINDOWSPROCESS.OBJ
H:\WORK\UHURU\VCAP-DOTNET\UHURU.UTILITIES.WINDOWSPROCESS\X64\RELEASE\UHURU.UTILITIES.WINDOWSPROCESS.PCH
H:\Work\uhuru\vcap-dotnet\Uhuru.Utilities.WindowsProcess\x64\Release\Uhuru.Utilities.WindowsProcess.write.1.tlog
H:\WORK\UHURU\VCAP-DOTNET\UHURU.UTILITIES.WINDOWSPROCESS\X64\RELEASE\VC100.PDB
