Build started 12/1/2011 11:20:55 PM.
     1>Project "H:\Work\uhuru\vcap-dotnet\Uhuru.Utilities.WindowsProcess\Uhuru.Utilities.WindowsProcess.vcxproj" on node 2 (rebuild target(s)).
     1>_PrepareForClean:
         Deleting file "x64\Release\Uhuru.Utilities.WindowsProcess.lastbuildstate".
       InitializeBuildStatus:
         Creating "x64\Release\Uhuru.Utilities.WindowsProcess.unsuccessfulbuild" because "AlwaysCreate" was specified.
       GenerateTargetFrameworkMonikerAttribute:
       Skipping target "GenerateTargetFrameworkMonikerAttribute" because all output files are up-to-date with respect to the input files.
       ClCompile:
         C:\Program Files (x86)\Microsoft Visual Studio 10.0\VC\bin\x86_amd64\CL.exe /c /AI"C:\Program Files (x86)\Reference Assemblies\Microsoft\Framework\.NETFramework\v4.0" /Zi /clr /nologo /W3 /WX- /O2 /D WIN32 /D NDEBUG /D _WINDLL /D _UNICODE /D UNICODE /EHa /MD /GS /fp:precise /Zc:wchar_t /Zc:forScope /Yc"StdAfx.h" /Fp"x64\Release\Uhuru.Utilities.WindowsProcess.pch" /Fo"x64\Release\\" /Fd"x64\Release\vc100.pdb" /TP /FU"C:\Program Files (x86)\Reference Assemblies\Microsoft\Framework\.NETFramework\v4.0\System.Core.dll" /FU"C:\Program Files (x86)\Reference Assemblies\Microsoft\Framework\.NETFramework\v4.0\System.Data.dll" /FU"C:\Program Files (x86)\Reference Assemblies\Microsoft\Framework\.NETFramework\v4.0\System.dll" /FU"C:\Program Files (x86)\Reference Assemblies\Microsoft\Framework\.NETFramework\v4.0\System.Xml.dll" /errorReport:prompt Stdafx.cpp /clr:nostdlib 
         Stdafx.cpp
         C:\Program Files (x86)\Microsoft Visual Studio 10.0\VC\bin\x86_amd64\CL.exe /c /AI"C:\Program Files (x86)\Reference Assemblies\Microsoft\Framework\.NETFramework\v4.0" /Zi /clr /nologo /W3 /WX- /O2 /D WIN32 /D NDEBUG /D _WINDLL /D _UNICODE /D UNICODE /EHa /MD /GS /fp:precise /Zc:wchar_t /Zc:forScope /Yu"StdAfx.h" /Fp"x64\Release\Uhuru.Utilities.WindowsProcess.pch" /Fo"x64\Release\\" /Fd"x64\Release\vc100.pdb" /TP /FU"C:\Program Files (x86)\Reference Assemblies\Microsoft\Framework\.NETFramework\v4.0\System.Core.dll" /FU"C:\Program Files (x86)\Reference Assemblies\Microsoft\Framework\.NETFramework\v4.0\System.Data.dll" /FU"C:\Program Files (x86)\Reference Assemblies\Microsoft\Framework\.NETFramework\v4.0\System.dll" /FU"C:\Program Files (x86)\Reference Assemblies\Microsoft\Framework\.NETFramework\v4.0\System.Xml.dll" /errorReport:prompt AssemblyInfo.cpp Uhuru.Utilities.WindowsProcess.cpp /clr:nostdlib 
         AssemblyInfo.cpp
         Uhuru.Utilities.WindowsProcess.cpp
     1>h:\work\uhuru\vcap-dotnet\uhuru.utilities.windowsprocess\Uhuru.Utilities.WindowsProcess.h(175): warning C4996: 'sprintf': This function or variable may be unsafe. Consider using sprintf_s instead. To disable deprecation, use _CRT_SECURE_NO_WARNINGS. See online help for details.
                 C:\Program Files (x86)\Microsoft Visual Studio 10.0\VC\include\stdio.h(371) : see declaration of 'sprintf'
     1>h:\work\uhuru\vcap-dotnet\uhuru.utilities.windowsprocess\Uhuru.Utilities.WindowsProcess.h(178): warning C4996: 'sprintf': This function or variable may be unsafe. Consider using sprintf_s instead. To disable deprecation, use _CRT_SECURE_NO_WARNINGS. See online help for details.
                 C:\Program Files (x86)\Microsoft Visual Studio 10.0\VC\include\stdio.h(371) : see declaration of 'sprintf'
     1>h:\work\uhuru\vcap-dotnet\uhuru.utilities.windowsprocess\Uhuru.Utilities.WindowsProcess.h(258): warning C4996: 'strcpy': This function or variable may be unsafe. Consider using strcpy_s instead. To disable deprecation, use _CRT_SECURE_NO_WARNINGS. See online help for details.
                 C:\Program Files (x86)\Microsoft Visual Studio 10.0\VC\include\string.h(105) : see declaration of 'strcpy'
     1>h:\work\uhuru\vcap-dotnet\uhuru.utilities.windowsprocess\Uhuru.Utilities.WindowsProcess.h(259): warning C4996: 'strcat': This function or variable may be unsafe. Consider using strcat_s instead. To disable deprecation, use _CRT_SECURE_NO_WARNINGS. See online help for details.
                 C:\Program Files (x86)\Microsoft Visual Studio 10.0\VC\include\string.h(110) : see declaration of 'strcat'
     1>h:\work\uhuru\vcap-dotnet\uhuru.utilities.windowsprocess\Uhuru.Utilities.WindowsProcess.h(260): warning C4996: 'strcat': This function or variable may be unsafe. Consider using strcat_s instead. To disable deprecation, use _CRT_SECURE_NO_WARNINGS. See online help for details.
                 C:\Program Files (x86)\Microsoft Visual Studio 10.0\VC\include\string.h(110) : see declaration of 'strcat'
     1>h:\work\uhuru\vcap-dotnet\uhuru.utilities.windowsprocess\Uhuru.Utilities.WindowsProcess.h(262): warning C4996: 'strcpy': This function or variable may be unsafe. Consider using strcpy_s instead. To disable deprecation, use _CRT_SECURE_NO_WARNINGS. See online help for details.
                 C:\Program Files (x86)\Microsoft Visual Studio 10.0\VC\include\string.h(105) : see declaration of 'strcpy'
     1>h:\work\uhuru\vcap-dotnet\uhuru.utilities.windowsprocess\Uhuru.Utilities.WindowsProcess.h(337): warning C4018: '<' : signed/unsigned mismatch
     1>h:\work\uhuru\vcap-dotnet\uhuru.utilities.windowsprocess\Uhuru.Utilities.WindowsProcess.h(347): warning C4018: '<' : signed/unsigned mismatch
     1>h:\work\uhuru\vcap-dotnet\uhuru.utilities.windowsprocess\Uhuru.Utilities.WindowsProcess.h(375): warning C4244: '=' : conversion from '__int64' to 'DWORD', possible loss of data
         Generating Code...
         C:\Program Files (x86)\Microsoft Visual Studio 10.0\VC\bin\x86_amd64\CL.exe /c /Zi /clr /nologo /W3 /WX- /O2 /D WIN32 /D NDEBUG /D _WINDLL /D _UNICODE /D UNICODE /EHa /MD /GS /fp:precise /Zc:wchar_t /Zc:forScope /Fo"x64\Release\\" /Fd"x64\Release\vc100.pdb" /TP /errorReport:prompt "C:\Users\Administrator\AppData\Local\Temp\1\.NETFramework,Version=v4.0.AssemblyAttributes.cpp"
         .NETFramework,Version=v4.0.AssemblyAttributes.cpp
       ResourceCompile:
         C:\Program Files (x86)\Microsoft SDKs\Windows\v7.0A\bin\rc.exe /D _UNICODE /D UNICODE /l"0x0409" /nologo /fo"x64\Release\app.res" app.rc 
       Link:
         C:\Program Files (x86)\Microsoft Visual Studio 10.0\VC\bin\x86_amd64\link.exe /ERRORREPORT:PROMPT /OUT:"H:\Work\uhuru\vcap-dotnet\..\Target\Uhuru.Utilities.WindowsProcess.dll" /INCREMENTAL:NO /NOLOGO kernel32.lib user32.lib gdi32.lib winspool.lib comdlg32.lib advapi32.lib shell32.lib ole32.lib oleaut32.lib uuid.lib odbc32.lib odbccp32.lib kernel32.lib user32.lib gdi32.lib winspool.lib comdlg32.lib advapi32.lib shell32.lib ole32.lib oleaut32.lib uuid.lib odbc32.lib odbccp32.lib /MANIFEST /ManifestFile:"x64\Release\Uhuru.Utilities.WindowsProcess.dll.intermediate.manifest" /MANIFESTUAC:"level='asInvoker' uiAccess='false'" /DEBUG /PDB:"H:\Work\uhuru\Target\Uhuru.Utilities.WindowsProcess.pdb" /TLBID:1 /DYNAMICBASE /FIXED:NO /NXCOMPAT /MACHINE:X64 /DLL x64\Release\app.res
         x64\Release\AssemblyInfo.obj
         x64\Release\Stdafx.obj
         x64\Release\Uhuru.Utilities.WindowsProcess.obj
         "x64\Release\.NETFramework,Version=v4.0.AssemblyAttributes.obj"
         Uhuru.Utilities.WindowsProcess.vcxproj -> H:\Work\uhuru\vcap-dotnet\..\Target\Uhuru.Utilities.WindowsProcess.dll
       Manifest:
         C:\Program Files (x86)\Microsoft SDKs\Windows\v7.0A\bin\mt.exe /nologo /verbose /outputresource:"H:\Work\uhuru\vcap-dotnet\..\Target\Uhuru.Utilities.WindowsProcess.dll;#2" /manifest x64\Release\Uhuru.Utilities.WindowsProcess.dll.intermediate.manifest
       FinalizeBuildStatus:
         Deleting file "x64\Release\Uhuru.Utilities.WindowsProcess.unsuccessfulbuild".
         Touching "x64\Release\Uhuru.Utilities.WindowsProcess.lastbuildstate".
     1>Done Building Project "H:\Work\uhuru\vcap-dotnet\Uhuru.Utilities.WindowsProcess\Uhuru.Utilities.WindowsProcess.vcxproj" (rebuild target(s)).

Build succeeded.

Time Elapsed 00:00:04.01
