H:\WORK\UHURU\WINDEA\WINDEA\.NET\CF.NET\DEBUG\UHURU.UTILITIES.WINDOWSPROCESS.DLL
H:\WORK\UHURU\WINDEA\WINDEA\.NET\CF.NET\DEBUG\UHURU.UTILITIES.WINDOWSPROCESS.ILK
H:\WORK\UHURU\WINDEA\WINDEA\.NET\CF.NET\DEBUG\UHURU.UTILITIES.WINDOWSPROCESS.PDB
H:\WORK\UHURU\WINDEA\WINDEA\.NET\CF.NET\UHURU.UTILITIES.WINDOWSPROCESS\DEBUG\.NETFRAMEWORK,VERSION=V4.0.ASSEMBLYATTRIBUTES.OBJ
H:\WORK\UHURU\WINDEA\WINDEA\.NET\CF.NET\UHURU.UTILITIES.WINDOWSPROCESS\DEBUG\APP.RES
H:\WORK\UHURU\WINDEA\WINDEA\.NET\CF.NET\UHURU.UTILITIES.WINDOWSPROCESS\DEBUG\ASSEMBLYINFO.OBJ
H:\Work\uhuru\windea\windea\.net\cf.net\Uhuru.Utilities.WindowsProcess\Debug\cl.command.1.tlog
H:\Work\uhuru\windea\windea\.net\cf.net\Uhuru.Utilities.WindowsProcess\Debug\CL.read.1.tlog
H:\Work\uhuru\windea\windea\.net\cf.net\Uhuru.Utilities.WindowsProcess\Debug\CL.write.1.tlog
H:\Work\uhuru\windea\windea\.net\cf.net\Uhuru.Utilities.WindowsProcess\Debug\link.8144.read.1.tlog
H:\Work\uhuru\windea\windea\.net\cf.net\Uhuru.Utilities.WindowsProcess\Debug\link.8144.write.1.tlog
H:\Work\uhuru\windea\windea\.net\cf.net\Uhuru.Utilities.WindowsProcess\Debug\link.8144-cvtres.read.1.tlog
H:\Work\uhuru\windea\windea\.net\cf.net\Uhuru.Utilities.WindowsProcess\Debug\link.8144-cvtres.write.1.tlog
H:\Work\uhuru\windea\windea\.net\cf.net\Uhuru.Utilities.WindowsProcess\Debug\link.command.1.tlog
H:\Work\uhuru\windea\windea\.net\cf.net\Uhuru.Utilities.WindowsProcess\Debug\link.read.1.tlog
H:\Work\uhuru\windea\windea\.net\cf.net\Uhuru.Utilities.WindowsProcess\Debug\link.write.1.tlog
H:\Work\uhuru\windea\windea\.net\cf.net\Uhuru.Utilities.WindowsProcess\Debug\mt.command.1.tlog
H:\Work\uhuru\windea\windea\.net\cf.net\Uhuru.Utilities.WindowsProcess\Debug\mt.read.1.tlog
H:\Work\uhuru\windea\windea\.net\cf.net\Uhuru.Utilities.WindowsProcess\Debug\mt.write.1.tlog
H:\Work\uhuru\windea\windea\.net\cf.net\Uhuru.Utilities.WindowsProcess\Debug\rc.command.1.tlog
H:\Work\uhuru\windea\windea\.net\cf.net\Uhuru.Utilities.WindowsProcess\Debug\rc.read.1.tlog
H:\Work\uhuru\windea\windea\.net\cf.net\Uhuru.Utilities.WindowsProcess\Debug\rc.write.1.tlog
H:\WORK\UHURU\WINDEA\WINDEA\.NET\CF.NET\UHURU.UTILITIES.WINDOWSPROCESS\DEBUG\STDAFX.OBJ
H:\WORK\UHURU\WINDEA\WINDEA\.NET\CF.NET\UHURU.UTILITIES.WINDOWSPROCESS\DEBUG\UHURU.UTILITIES.WINDOWSPROCESS.DLL.INTERMEDIATE.MANIFEST
H:\WORK\UHURU\WINDEA\WINDEA\.NET\CF.NET\UHURU.UTILITIES.WINDOWSPROCESS\DEBUG\UHURU.UTILITIES.WINDOWSPROCESS.OBJ
H:\WORK\UHURU\WINDEA\WINDEA\.NET\CF.NET\UHURU.UTILITIES.WINDOWSPROCESS\DEBUG\UHURU.UTILITIES.WINDOWSPROCESS.PCH
H:\Work\uhuru\windea\windea\.net\cf.net\Uhuru.Utilities.WindowsProcess\Debug\Uhuru.Utilities.WindowsProcess.write.1.tlog
H:\WORK\UHURU\WINDEA\WINDEA\.NET\CF.NET\UHURU.UTILITIES.WINDOWSPROCESS\DEBUG\VC100.PDB
