Build started 11/19/2011 9:29:30 PM.
     1>Project "H:\Work\uhuru\windea\windea\.net\cf.net\winps\winps.vcxproj" on node 2 (build target(s)).
     1>InitializeBuildStatus:
         Creating "Debug\winps.unsuccessfulbuild" because "AlwaysCreate" was specified.
       ClCompile:
         C:\Program Files (x86)\Microsoft Visual Studio 10.0\VC\bin\CL.exe /c /ZI /nologo /W3 /WX- /Od /Oy- /D WIN32 /D _DEBUG /D _CONSOLE /D _CRT_SECURE_NO_WARNINGS /D _UNICODE /D UNICODE /Gm /EHsc /RTC1 /MTd /GS /fp:precise /Zc:wchar_t /Zc:forScope /Yc"StdAfx.h" /Fp"Debug\winps.pch" /Fo"Debug\\" /Fd"Debug\vc100.pdb" /Gd /TP /analyze /errorReport:prompt stdafx.cpp
     1>cl : Command line warning D9040: ignoring option '/analyze'; Code Analysis warnings are not available in this edition of the compiler
         stdafx.cpp
         C:\Program Files (x86)\Microsoft Visual Studio 10.0\VC\bin\CL.exe /c /ZI /nologo /W3 /WX- /Od /Oy- /D WIN32 /D _DEBUG /D _CONSOLE /D _CRT_SECURE_NO_WARNINGS /D _UNICODE /D UNICODE /Gm /EHsc /RTC1 /MTd /GS /fp:precise /Zc:wchar_t /Zc:forScope /Yu"StdAfx.h" /Fp"Debug\winps.pch" /Fo"Debug\\" /Fd"Debug\vc100.pdb" /Gd /TP /analyze /errorReport:prompt winps.cpp
     1>cl : Command line warning D9040: ignoring option '/analyze'; Code Analysis warnings are not available in this edition of the compiler
         winps.cpp
     1>h:\work\uhuru\windea\windea\.net\cf.net\winps\winps.cpp(171): warning C4018: '<' : signed/unsigned mismatch
     1>h:\work\uhuru\windea\windea\.net\cf.net\winps\winps.cpp(194): warning C4244: '=' : conversion from '__int64' to 'DWORD', possible loss of data
       ManifestResourceCompile:
         C:\Program Files (x86)\Microsoft SDKs\Windows\v7.0A\bin\rc.exe /nologo /fo"Debug\winps.exe.embed.manifest.res" Debug\winps_manifest.rc 
       Link:
         C:\Program Files (x86)\Microsoft Visual Studio 10.0\VC\bin\link.exe /ERRORREPORT:PROMPT /OUT:"H:\Work\uhuru\windea\windea\.net\cf.net\..\..\winps.exe" /INCREMENTAL /NOLOGO kernel32.lib user32.lib gdi32.lib winspool.lib comdlg32.lib advapi32.lib shell32.lib ole32.lib oleaut32.lib uuid.lib odbc32.lib odbccp32.lib /MANIFEST /ManifestFile:"Debug\winps.exe.intermediate.manifest" /MANIFESTUAC:"level='asInvoker' uiAccess='false'" /DEBUG /PDB:"H:\Work\uhuru\windea\windea\winps.pdb" /SUBSYSTEM:CONSOLE /TLBID:1 /DYNAMICBASE /NXCOMPAT /IMPLIB:"H:\Work\uhuru\windea\windea\.net\cf.net\..\..\winps.lib" /MACHINE:X86 Debug\winps.exe.embed.manifest.res
         Debug\stdafx.obj
         Debug\winps.obj
       Manifest:
         C:\Program Files (x86)\Microsoft SDKs\Windows\v7.0A\bin\mt.exe /nologo /verbose /out:"Debug\winps.exe.embed.manifest" /manifest Debug\winps.exe.intermediate.manifest
         C:\Program Files (x86)\Microsoft SDKs\Windows\v7.0A\bin\rc.exe /nologo /fo"Debug\winps.exe.embed.manifest.res" Debug\winps_manifest.rc 
       LinkEmbedManifest:
         C:\Program Files (x86)\Microsoft Visual Studio 10.0\VC\bin\link.exe /ERRORREPORT:PROMPT /OUT:"H:\Work\uhuru\windea\windea\.net\cf.net\..\..\winps.exe" /INCREMENTAL /NOLOGO kernel32.lib user32.lib gdi32.lib winspool.lib comdlg32.lib advapi32.lib shell32.lib ole32.lib oleaut32.lib uuid.lib odbc32.lib odbccp32.lib /MANIFEST /ManifestFile:"Debug\winps.exe.intermediate.manifest" /MANIFESTUAC:"level='asInvoker' uiAccess='false'" /DEBUG /PDB:"H:\Work\uhuru\windea\windea\winps.pdb" /SUBSYSTEM:CONSOLE /TLBID:1 /DYNAMICBASE /NXCOMPAT /IMPLIB:"H:\Work\uhuru\windea\windea\.net\cf.net\..\..\winps.lib" /MACHINE:X86 Debug\winps.exe.embed.manifest.res
         Debug\stdafx.obj
         Debug\winps.obj
         winps.vcxproj -> H:\Work\uhuru\windea\windea\.net\cf.net\..\..\winps.exe
       FinalizeBuildStatus:
         Deleting file "Debug\winps.unsuccessfulbuild".
         Touching "Debug\winps.lastbuildstate".
     1>Done Building Project "H:\Work\uhuru\windea\windea\.net\cf.net\winps\winps.vcxproj" (build target(s)).

Build succeeded.

Time Elapsed 00:00:05.38
