F:\CODE\TARGET\UHURU.UTILITIES.WINDOWSPROCESS.DLL
F:\CODE\TARGET\UHURU.UTILITIES.WINDOWSPROCESS.ILK
F:\CODE\TARGET\UHURU.UTILITIES.WINDOWSPROCESS.PDB
F:\Code\vcap-dotnet\..\Target\Uhuru.Utilities.WindowsProcess.dll
F:\Code\vcap-dotnet\..\Target\Uhuru.Utilities.WindowsProcess.ilk
F:\Code\vcap-dotnet\..\Target\Uhuru.Utilities.WindowsProcess.pdb
F:\CODE\VCAP-DOTNET\UHURU.UTILITIES.WINDOWSPROCESS\X64\DEBUG\.NETFRAMEWORK,VERSION=V4.0.ASSEMBLYATTRIBUTES.OBJ
F:\CODE\VCAP-DOTNET\UHURU.UTILITIES.WINDOWSPROCESS\X64\DEBUG\APP.RES
F:\CODE\VCAP-DOTNET\UHURU.UTILITIES.WINDOWSPROCESS\X64\DEBUG\ASSEMBLYINFO.OBJ
F:\Code\vcap-dotnet\Uhuru.Utilities.WindowsProcess\x64\Debug\cl.command.1.tlog
F:\Code\vcap-dotnet\Uhuru.Utilities.WindowsProcess\x64\Debug\CL.read.1.tlog
F:\Code\vcap-dotnet\Uhuru.Utilities.WindowsProcess\x64\Debug\CL.write.1.tlog
F:\Code\vcap-dotnet\Uhuru.Utilities.WindowsProcess\x64\Debug\link.7472.read.1.tlog
F:\Code\vcap-dotnet\Uhuru.Utilities.WindowsProcess\x64\Debug\link.7472.write.1.tlog
F:\Code\vcap-dotnet\Uhuru.Utilities.WindowsProcess\x64\Debug\link.7472-cvtres.read.1.tlog
F:\Code\vcap-dotnet\Uhuru.Utilities.WindowsProcess\x64\Debug\link.7472-cvtres.write.1.tlog
F:\Code\vcap-dotnet\Uhuru.Utilities.WindowsProcess\x64\Debug\link.command.1.tlog
F:\Code\vcap-dotnet\Uhuru.Utilities.WindowsProcess\x64\Debug\link.read.1.tlog
F:\Code\vcap-dotnet\Uhuru.Utilities.WindowsProcess\x64\Debug\link.write.1.tlog
F:\Code\vcap-dotnet\Uhuru.Utilities.WindowsProcess\x64\Debug\mt.command.1.tlog
F:\Code\vcap-dotnet\Uhuru.Utilities.WindowsProcess\x64\Debug\mt.read.1.tlog
F:\Code\vcap-dotnet\Uhuru.Utilities.WindowsProcess\x64\Debug\mt.write.1.tlog
F:\Code\vcap-dotnet\Uhuru.Utilities.WindowsProcess\x64\Debug\rc.command.1.tlog
F:\Code\vcap-dotnet\Uhuru.Utilities.WindowsProcess\x64\Debug\rc.read.1.tlog
F:\Code\vcap-dotnet\Uhuru.Utilities.WindowsProcess\x64\Debug\rc.write.1.tlog
F:\CODE\VCAP-DOTNET\UHURU.UTILITIES.WINDOWSPROCESS\X64\DEBUG\STDAFX.OBJ
F:\CODE\VCAP-DOTNET\UHURU.UTILITIES.WINDOWSPROCESS\X64\DEBUG\UHURU.UTILITIES.WINDOWSPROCESS.DLL.INTERMEDIATE.MANIFEST
F:\CODE\VCAP-DOTNET\UHURU.UTILITIES.WINDOWSPROCESS\X64\DEBUG\UHURU.UTILITIES.WINDOWSPROCESS.OBJ
F:\CODE\VCAP-DOTNET\UHURU.UTILITIES.WINDOWSPROCESS\X64\DEBUG\UHURU.UTILITIES.WINDOWSPROCESS.PCH
F:\Code\vcap-dotnet\Uhuru.Utilities.WindowsProcess\x64\Debug\Uhuru.Utilities.WindowsProcess.write.1.tlog
F:\CODE\VCAP-DOTNET\UHURU.UTILITIES.WINDOWSPROCESS\X64\DEBUG\VC100.PDB
